info it worked if it ends with ok
verbose cli [ 'C:\\Program Files (x86)\\nodejs\\\\node.exe',
verbose cli   'C:\\Program Files (x86)\\nodejs\\node_modules\\npm\\bin\\npm-cli.js',
verbose cli   'install',
verbose cli   'now' ]
info using npm@1.1.0-2
info using node@v0.6.8
verbose config file C:\Users\Phil\.npmrc
verbose config file C:\Program Files (x86)\nodejs\etc\npmrc
verbose config file C:\Program Files (x86)\nodejs\node_modules\npm\npmrc
verbose mkdir done: C:\Users\Phil\AppData\Roaming\npm 755
verbose mkdir done: C:\dev\ljs 755
verbose caching C:\dev\ljs\package.json
verbose loadDefaults ljs@0.0.1
verbose caching C:\dev\ljs\node_modules\coffeekup\package.json
verbose loadDefaults coffeekup@0.3.1
verbose caching C:\dev\ljs\node_modules\express\package.json
verbose loadDefaults express@2.5.7
WARN node-uuid@1.2.0 dependencies field should be hash of <name>:<version-range> pairs
verbose caching C:\dev\ljs\node_modules\node-uuid\package.json
verbose loadDefaults node-uuid@1.2.0
verbose caching C:\dev\ljs\node_modules\nstore\package.json
verbose loadDefaults nstore@0.5.1
verbose caching C:\dev\ljs\node_modules\socket.io\package.json
verbose loadDefaults socket.io@0.8.7
verbose caching C:\dev\ljs\node_modules\uglify-js\package.json
verbose loadDefaults uglify-js@1.1.1
verbose caching C:\dev\ljs\node_modules\zappa\package.json
verbose loadDefaults zappa@0.3.3
verbose from cache C:\dev\ljs\package.json
verbose cache add [ 'now', null ]
silly cache add: name, spec, args [ undefined, 'now', [ 'now', null ] ]
verbose parsed url { pathname: 'now', path: 'now', href: 'now' }
verbose addNamed [ 'now', '' ]
verbose addNamed [ null, '' ]
silly name, range, hasData [ 'now', '', false ]
verbose raw, before any munging now
verbose url resolving [ 'https://registry.npmjs.org/', './now' ]
verbose url resolved https://registry.npmjs.org/now
verbose etag "F08M0HAVU6TJX5P3ANI4VCO5R"
http GET https://registry.npmjs.org/now
http 304 https://registry.npmjs.org/now
silly get cb [ 304,
silly get cb   { server: 'CouchDB/1.1.0 (Erlang OTP/R14B04)',
silly get cb     etag: '"F08M0HAVU6TJX5P3ANI4VCO5R"',
silly get cb     date: 'Fri, 10 Feb 2012 08:29:32 GMT',
silly get cb     'content-length': '0' } ]
verbose etag now from cache
verbose mkdir done: C:\Users\Phil\AppData\Roaming\npm-cache\now 755
silly name, range, hasData 2 [ 'now', '', true ]
silly versions [ 'now',
silly versions   [ '0.2.0',
silly versions     '0.2.1',
silly versions     '0.2.2',
silly versions     '0.2.3',
silly versions     '0.2.4',
silly versions     '0.3.0',
silly versions     '0.3.1',
silly versions     '0.3.2',
silly versions     '0.5.0',
silly versions     '0.5.1',
silly versions     '0.5.2',
silly versions     '0.5.3',
silly versions     '0.6.0',
silly versions     '0.6.1',
silly versions     '0.7.0',
silly versions     '0.7.1',
silly versions     '0.7.2',
silly versions     '0.7.3',
silly versions     '0.7.4',
silly versions     '0.7.5',
silly versions     '0.7.6',
silly versions     '0.8.0',
silly versions     '0.8.1' ] ]
verbose bin dist [ '0.6-ares1.7.5-DEV-evundefined-openssl0.9.8r-v83.6.6.19-win32-ia32-6.1.7601',
verbose bin dist   { shasum: 'e93365a16a405f8d9eace01c6461161e2f54d710',
verbose bin dist     tarball: 'http://registry.npmjs.org/now/-/now-0.8.1.tgz' } ]
verbose caching C:\Users\Phil\AppData\Roaming\npm-cache\now\0.8.1\package\package.json
verbose loadDefaults now@0.8.1
silly resolved [ { author: { name: 'Flotype' },
silly resolved     name: 'now',
silly resolved     description: 'NowJS: An easy to use real-time RPC library',
silly resolved     version: '0.8.1',
silly resolved     repository: { type: 'git', url: 'git://github.com/Flotype/now.git' },
silly resolved     main: 'lib/server.js',
silly resolved     engines: { node: '>= v0.4.0' },
silly resolved     dependencies: { 'socket.io': '>= 0.8.7', 'node-proxy': '>= 0.4.0' },
silly resolved     devDependencies: {},
silly resolved     _id: 'now@0.8.1',
silly resolved     optionalDependencies: {},
silly resolved     _engineSupported: true,
silly resolved     _npmVersion: '1.1.0-2',
silly resolved     _nodeVersion: 'v0.6.8',
silly resolved     _defaultsLoaded: true,
silly resolved     scripts: {} } ]
info into C:\dev\ljs now@0.8.1
info installOne now@0.8.1
info unbuild C:\dev\ljs\node_modules\now
verbose caching C:\dev\ljs\node_modules\now\package.json
verbose loadDefaults now@0.8.1
info preuninstall now@0.8.1
info uninstall now@0.8.1
verbose unbuild now@0.8.1 [ true,
verbose unbuild now@0.8.1   'C:\\dev\\ljs\\node_modules',
verbose unbuild now@0.8.1   'C:\\dev\\ljs\\node_modules' ]
info postuninstall now@0.8.1
verbose from cache C:\Users\Phil\AppData\Roaming\npm-cache\now\0.8.1\package\package.json
verbose mkdir (expected) error ENOENT, no such file or directory 'C:\dev\ljs\node_modules\___now.npm'
verbose mkdir done: C:\dev\ljs\node_modules\___now.npm 755
verbose unpack_ uid, gid [ undefined, undefined ]
verbose unpackTarget C:\dev\ljs\node_modules\now
silly gunzTarPerm modes [ '755', '644' ]
silly afterUntar undefined
verbose gunzed C:\dev\ljs\node_modules\___now.npm\package
verbose rm'ed C:\dev\ljs\node_modules\now
verbose renamed [ 'C:\\dev\\ljs\\node_modules\\___now.npm\\package',
verbose renamed   'C:\\dev\\ljs\\node_modules\\now' ]
verbose caching C:\dev\ljs\node_modules\now\package.json
verbose loadDefaults now@0.8.1
info preinstall now@0.8.1
verbose from cache C:\dev\ljs\node_modules\now\package.json
verbose cache add [ 'node-proxy@>= 0.4.0', null ]
silly cache add: name, spec, args [ undefined,
silly cache add: name, spec, args   'node-proxy@>= 0.4.0',
silly cache add: name, spec, args   [ 'node-proxy@>= 0.4.0', null ] ]
verbose parsed url { pathname: 'node-proxy@',
verbose parsed url   path: 'node-proxy@',
verbose parsed url   href: 'node-proxy@' }
silly cache add: name, spec, args [ 'node-proxy', '>= 0.4.0', [ 'node-proxy', '>= 0.4.0' ] ]
verbose parsed url { pathname: '=', path: '=', href: '=' }
verbose addNamed [ 'node-proxy', '>= 0.4.0' ]
verbose addNamed [ null, '>=0.4.0' ]
silly name, range, hasData [ 'node-proxy', '>=0.4.0', false ]
verbose raw, before any munging node-proxy
verbose url resolving [ 'https://registry.npmjs.org/', './node-proxy' ]
verbose url resolved https://registry.npmjs.org/node-proxy
verbose etag "9XYUTHLTUZ3ZOKLB3L3GGXJRN"
http GET https://registry.npmjs.org/node-proxy
http 304 https://registry.npmjs.org/node-proxy
silly get cb [ 304,
silly get cb   { server: 'CouchDB/1.1.0 (Erlang OTP/R14B04)',
silly get cb     etag: '"9XYUTHLTUZ3ZOKLB3L3GGXJRN"',
silly get cb     date: 'Fri, 10 Feb 2012 08:29:35 GMT',
silly get cb     'content-length': '0' } ]
verbose etag node-proxy from cache
verbose mkdir done: C:\Users\Phil\AppData\Roaming\npm-cache\node-proxy 755
silly name, range, hasData 2 [ 'node-proxy', '>=0.4.0', true ]
silly versions [ 'node-proxy',
silly versions   [ '0.3.1', '0.3.2', '0.4.0', '0.5.0', '0.5.1', '0.5.2' ] ]
verbose bin dist [ '0.6-ares1.7.5-DEV-evundefined-openssl0.9.8r-v83.6.6.19-win32-ia32-6.1.7601',
verbose bin dist   { shasum: 'c22cc7ddf8c2af0bfa32fed30d3c533b216ef893',
verbose bin dist     tarball: 'http://registry.npmjs.org/node-proxy/-/node-proxy-0.5.2.tgz' } ]
WARN node-proxy@0.5.2 package.json: bugs['web'] should probably be bugs['url']
verbose caching C:\Users\Phil\AppData\Roaming\npm-cache\node-proxy\0.5.2\package\package.json
verbose loadDefaults node-proxy@0.5.2
silly resolved [ { name: 'node-proxy',
silly resolved     version: '0.5.2',
silly resolved     description: 'A module for node implementing __noSuchMethod__-type handlers, such as object overloading, as part of the Harmony Catch-All Proxies specification found at http://wiki.ecmascript.org/doku.php?id=harmony:proxies',
silly resolved     keywords: [ 'interceptor', 'proxy', 'overload', '__noSuchMethod__' ],
silly resolved     contributors: 
silly resolved      [ { name: 'Sam Shull',
silly resolved          email: 'http://www.google.com/profiles/brickysam26' },
silly resolved        { name: 'richardms', email: 'https://github.com/richardms' } ],
silly resolved     licenses: 
silly resolved      [ { type: 'MIT',
silly resolved          url: 'http://www.opensource.org/licenses/mit-license.html' } ],
silly resolved     bugs: { url: 'http://github.com/samshull/node-proxy/issues' },
silly resolved     implements: [ 'http://wiki.ecmascript.org/doku.php?id=harmony:proxies' ],
silly resolved     engines: { node: '>=0.1.103' },
silly resolved     repositories: [ { type: 'git', url: 'http://github.com/samshull/node-proxy' } ],
silly resolved     main: './lib/node-proxy.node',
silly resolved     scripts: { install: 'make' },
silly resolved     _id: 'node-proxy@0.5.2',
silly resolved     dependencies: {},
silly resolved     devDependencies: {},
silly resolved     optionalDependencies: {},
silly resolved     _engineSupported: true,
silly resolved     _npmVersion: '1.1.0-2',
silly resolved     _nodeVersion: 'v0.6.8',
silly resolved     _defaultsLoaded: true } ]
info into C:\dev\ljs\node_modules\now node-proxy@0.5.2
info installOne node-proxy@0.5.2
info unbuild C:\dev\ljs\node_modules\now\node_modules\node-proxy
verbose from cache C:\Users\Phil\AppData\Roaming\npm-cache\node-proxy\0.5.2\package\package.json
verbose mkdir (expected) error ENOENT, no such file or directory 'C:\dev\ljs\node_modules\now\node_modules'
verbose mkdir (expected) error ENOENT, no such file or directory 'C:\dev\ljs\node_modules\now\node_modules\___node-proxy.npm'
verbose mkdir done: C:\dev\ljs\node_modules\now\node_modules\___node-proxy.npm 755
verbose unpack_ uid, gid [ undefined, undefined ]
verbose unpackTarget C:\dev\ljs\node_modules\now\node_modules\node-proxy
silly gunzTarPerm modes [ '755', '644' ]
silly afterUntar undefined
verbose gunzed C:\dev\ljs\node_modules\now\node_modules\___node-proxy.npm\package
verbose rm'ed C:\dev\ljs\node_modules\now\node_modules\node-proxy
verbose renamed [ 'C:\\dev\\ljs\\node_modules\\now\\node_modules\\___node-proxy.npm\\package',
verbose renamed   'C:\\dev\\ljs\\node_modules\\now\\node_modules\\node-proxy' ]
verbose caching C:\dev\ljs\node_modules\now\node_modules\node-proxy\package.json
verbose loadDefaults node-proxy@0.5.2
info preinstall node-proxy@0.5.2
verbose from cache C:\dev\ljs\node_modules\now\node_modules\node-proxy\package.json
silly resolved []
verbose about to build C:\dev\ljs\node_modules\now\node_modules\node-proxy
info build C:\dev\ljs\node_modules\now\node_modules\node-proxy
verbose from cache C:\dev\ljs\node_modules\now\node_modules\node-proxy\package.json
verbose linkStuff [ false,
verbose linkStuff   false,
verbose linkStuff   false,
verbose linkStuff   'C:\\dev\\ljs\\node_modules\\now\\node_modules' ]
info linkStuff node-proxy@0.5.2
verbose linkBins node-proxy@0.5.2
verbose linkMans node-proxy@0.5.2
verbose rebuildBundles node-proxy@0.5.2
info install node-proxy@0.5.2
verbose unsafe-perm in lifecycle true
silly exec cmd "/c" "make"
silly spawning [ 'cmd',
silly spawning   [ '/c', 'make' ],
silly spawning   'C:\\dev\\ljs\\node_modules\\now\\node_modules\\node-proxy' ]
info node-proxy@0.5.2 Failed to exec install script
ERR! error installing node-proxy@0.5.2
info unbuild C:\dev\ljs\node_modules\now\node_modules\node-proxy
verbose from cache C:\dev\ljs\node_modules\now\node_modules\node-proxy\package.json
info preuninstall node-proxy@0.5.2
info uninstall node-proxy@0.5.2
verbose unbuild node-proxy@0.5.2 [ false,
verbose unbuild node-proxy@0.5.2   'C:\\dev\\ljs\\node_modules',
verbose unbuild node-proxy@0.5.2   'C:\\dev\\ljs\\node_modules\\now\\node_modules' ]
info postuninstall node-proxy@0.5.2
verbose installOne cb node-proxy@0.5.2
verbose about to build C:\dev\ljs\node_modules\now
ERR! error installing now@0.8.1
info unbuild C:\dev\ljs\node_modules\now
verbose from cache C:\dev\ljs\node_modules\now\package.json
info preuninstall now@0.8.1
info uninstall now@0.8.1
verbose unbuild now@0.8.1 [ true,
verbose unbuild now@0.8.1   'C:\\dev\\ljs\\node_modules',
verbose unbuild now@0.8.1   'C:\\dev\\ljs\\node_modules' ]
info postuninstall now@0.8.1
verbose installOne cb now@0.8.1
ERR! node-proxy@0.5.2 install: `make`
ERR! `cmd "/c" "make"` failed with 1
ERR! 
ERR! Failed at the node-proxy@0.5.2 install script.
ERR! This is most likely a problem with the node-proxy package,
ERR! not with npm itself.
ERR! Tell the author that this fails on your system:
ERR!     make
ERR! You can get their info via:
ERR!     npm owner ls node-proxy
ERR! There is likely additional logging output above.
ERR! 
ERR! System Windows_NT 6.1.7601
ERR! command "C:\\Program Files (x86)\\nodejs\\\\node.exe" "C:\\Program Files (x86)\\nodejs\\node_modules\\npm\\bin\\npm-cli.js" "install" "now"
ERR! cwd C:\dev\ljs
ERR! node -v v0.6.8
ERR! npm -v 1.1.0-2
ERR! code ELIFECYCLE
ERR! message node-proxy@0.5.2 install: `make`
ERR! message `cmd "/c" "make"` failed with 1
ERR! errno {}
verbose exit [ 1, true ]
